2014-07-09 20:18:13,717 - genlogger - ERROR - menu - 74 - Creating menu failed detected from {u'errcode': 40016, u'errmsg': u'invalid button size'}
2014-07-10 09:39:50,493 - genlogger - ERROR - menu - 74 - Creating menu failed detected from {u'errcode': 40016, u'errmsg': u'invalid button size'}
2014-07-10 09:43:04,410 - genlogger - ERROR - menu - 59 - Creating menu failed detected from {u'errcode': 40016, u'errmsg': u'invalid button size'}
2014-07-10 09:51:02,644 - genlogger - DEBUG - menu - 72 - access:eyZxj0mKD9TeN_IsLO2H8c85XtbU_c1PHJlAY_fAb_HmmShzLvSUjgQ6Hoq3CtpjiI_a6FniWRPniJML7m5uDw
2014-07-10 09:51:02,947 - genlogger - ERROR - menu - 59 - Creating menu failed detected from {u'errcode': 40016, u'errmsg': u'invalid button size'}
2014-07-10 10:00:28,375 - genlogger - DEBUG - menu - 72 - access:TIWYu3vXSO8MPAv603srkdEpubTpHpdB02xtdqGDPhcFAAixLfAtnSTHYXWHqE0iQ47tvcnXcdjTjDuQmkRcdQ
2014-07-10 10:36:17,111 - genlogger - DEBUG - menu - 73 - access:qYkvIlNCw64_5Qrec1HJpOVMmIKxXXb7HfZhARbQZX6nM8FNtbuGBYwWnCO1_1LsSyJf2aiHt4_fJSa2HgxMHQ
2014-07-10 10:55:25,736 - genlogger - DEBUG - menu - 73 - access:_n_EFYoBK4cWxkRPCkjY1GSaT4XwoaMz8Ij0vetxhPbzEoRRpMUpaV_il9lXQOIAIcfus7Xm8F-SXgq4Jbuy-Q
2014-07-10 10:55:26,068 - genlogger - ERROR - menu - 60 - Creating menu failed detected from {u'errcode': 40033, u'errmsg': u'invalid charset. please check your request, if include \\uxxxx will create fail!'}
2014-07-10 10:56:59,471 - genlogger - DEBUG - menu - 73 - access:o1KFOm9Q68g4rNRhis13WvgpgKRZ63QapOpFguflrJz5Gzx9FGNRmfPbM3_SBMq6J7Mj3zJvj1tivYosWne--Q
2014-07-10 10:58:40,697 - genlogger - DEBUG - menu - 74 - access:zhcq89ksp9CoNNbHX-PmeEo5zyoN_L8ck2SJyETkNmmJzV0uIY54Oc7sIJXOWY-YdXA5dnLGvEznRqULS9ywLA
2014-07-10 10:58:41,003 - genlogger - ERROR - menu - 61 - Creating menu failed detected from {u'errcode': 40033, u'errmsg': u'invalid charset. please check your request, if include \\uxxxx will create fail!'}
2014-07-10 11:16:25,473 - genlogger - DEBUG - menu - 74 - access:_5laH6So0SjSQLMxfo9KsyJrlAsxnC4u_tA9aQOs-Xo_iaLSh4GJwax-8pndS9q4mUE-j6HXIaZ0V-og7QqDwA
2014-07-10 11:16:25,767 - genlogger - ERROR - menu - 61 - Creating menu failed detected from {u'errcode': 40033, u'errmsg': u'invalid charset. please check your request, if include \\uxxxx will create fail!'}
2014-07-10 11:23:24,948 - genlogger - DEBUG - menu - 74 - access:F2v22bdicU3tPQnHsFf8afefXVenE_HDVFMkmN3Sf2TlEu0M6Qop9a0sMNK38rjNpPoFXLju0CeCUTEgaVkTxA
2014-07-10 11:23:47,533 - genlogger - DEBUG - menu - 74 - access:GqSbrf-xXk4DF6hHkXrOmrSuTMLl7FBmJbaAwN1c9GO7_pysBcDcgqbD8jN35JXyVkdd-hEigsNDG6YyNnNeUg
2014-07-10 11:23:47,846 - genlogger - ERROR - menu - 61 - Creating menu failed detected from {u'errcode': 40033, u'errmsg': u'invalid charset. please check your request, if include \\uxxxx will create fail!'}
2014-07-10 11:24:22,499 - genlogger - DEBUG - menu - 74 - access:vktUuspdkJuX2JHgmeJRcCZP7NUBh-gz1KKYLMM796M8Fo2CaaACU46tEMelJa-XezNBtXR6Td47c1KBWXzvTg
2014-07-10 11:24:22,848 - genlogger - ERROR - menu - 61 - Creating menu failed detected from {u'errcode': 40033, u'errmsg': u'invalid charset. please check your request, if include \\uxxxx will create fail!'}
2014-07-10 11:24:45,411 - genlogger - DEBUG - menu - 74 - access:11G51eXdt4480hc1j1qApujbSwBcJDyB76vhTasLbrNjxt0WuiUtSu9p26K2IGQcImO7X4vc2THbpOlU2kRy-g
2014-07-10 11:24:45,726 - genlogger - ERROR - menu - 61 - Creating menu failed detected from {u'errcode': 40033, u'errmsg': u'invalid charset. please check your request, if include \\uxxxx will create fail!'}
2014-07-10 11:26:04,279 - genlogger - DEBUG - menu - 74 - access:8jTYPslYw-VG5gf3FMlyN-Wn51Eyy3zumRIsycGKCXkVusNIejnjO7Cle9gx044O6SZucLx8Trz301QMotclbg
2014-07-10 11:26:04,579 - genlogger - ERROR - menu - 61 - Creating menu failed detected from {u'errcode': 40033, u'errmsg': u'invalid charset. please check your request, if include \\uxxxx will create fail!'}
2014-07-10 11:26:42,779 - genlogger - DEBUG - menu - 74 - access:FGndl3OmDxa3Xio2wSxLTJafu7H4FQxCE7uz0jMEqoe88yE0yUG3ewDHki-0-6ANYaMJInCW_CaDkNdavkBISA
2014-07-10 11:26:43,105 - genlogger - ERROR - menu - 61 - Creating menu failed detected from {u'errcode': 40033, u'errmsg': u'invalid charset. please check your request, if include \\uxxxx will create fail!'}
2014-07-10 11:36:03,374 - genlogger - DEBUG - menu - 74 - access:sUaY39ujd7g08evn2JOWWLM-RZl2XLDoWh1lfi4apTbbPAQn8QD63uvjIP98ki3-rPJG-URA8LExvnH7YAG6pg
2014-07-10 11:36:03,677 - genlogger - ERROR - menu - 61 - Creating menu failed detected from {u'errcode': 40033, u'errmsg': u'invalid charset. please check your request, if include \\uxxxx will create fail!'}
2014-07-10 11:36:34,220 - genlogger - DEBUG - menu - 74 - access:4DOaIt5zCkGxFh2ijst2p7wG2JpXNJFvq822GfjpQuUmYa_iNg_5JPIz20PwYbNnjRuXWUFaYCmN4cBMRyku3w
2014-07-10 11:36:34,520 - genlogger - ERROR - menu - 61 - Creating menu failed detected from {u'errcode': 40033, u'errmsg': u'invalid charset. please check your request, if include \\uxxxx will create fail!'}
2014-07-10 11:44:09,454 - genlogger - DEBUG - menu - 74 - access:BVNCUBbMWJG8LZ1ftUjM7Aw1LgGDaDglE-XK8t5kgrC_1AUjS72HA-d5HxXX-9GrCiXDunwenp9TmPKsB45lSg
2014-07-10 11:48:02,378 - genlogger - DEBUG - menu - 74 - access:yuWW7VN3AK2b_qg9hL2qFloiS-UUNXBRWmgOC5_DXSSxeykYrEJveFow04_5ahEErF0ra3oNyLEvpOYbACakSw
2014-07-10 11:48:43,566 - genlogger - DEBUG - menu - 74 - access:JGT03QrLJrBfEWG7SN3hgTwegpZ3ivThnB0AX9FGdj94jCUpUhHe0iRW3XoafVYh_aQ6gmKFlSi8L9sJX1YGdA
2014-07-10 11:56:08,562 - genlogger - DEBUG - menu - 74 - access:68pO8PU7WREQtpza6pFcDVeD19-l3nAGeAbgvfASKfUR_p3o9BzoDPhWnBGDfSNX8jafvyyvUEotKHCzWbxVQQ
2014-07-10 11:56:39,476 - genlogger - DEBUG - menu - 74 - access:vrJmMdbU3rYbP3c-IPfpgqAWCPyB_NoVuKm7JP505nHFp7kqaLNf92hlQ3Aulb6Bw1ytqa1BW1SRjxtK18pLug
2014-07-10 11:56:52,157 - genlogger - DEBUG - menu - 74 - access:qYkvIlNCw64_5Qrec1HJpFdhbwM8moqNb1EKkNdQSPzH3LlavH1mTA7LVdcr_3Rs4GcHRNhh8ciY8HY8NG0ucg
2014-07-10 11:57:43,032 - genlogger - DEBUG - menu - 74 - access:Xrjqcq-NNtt9aYqYAL0UM4l6h0ZD1whDLZn2JarVMVyHM5wXgpnRAZa4ZLLc8gY5VVIM1ZmIflQ_Y-9o4G8mPw
2014-07-10 11:58:17,292 - genlogger - DEBUG - menu - 74 - access:9wR8peNMMKxmDX4Gr5Yw8gCDp22CUwB_5-FxebKzYChHZY7A42NrkT_FhXsTY-pdRI8YqWiA8CDkm1oSz-KtIw
2014-07-10 11:59:06,081 - genlogger - DEBUG - menu - 74 - access:8jTYPslYw-VG5gf3FMlyN-0to0xFFuJSqjIzDKVXliC9g7DRH-TKxq4iOuKHjI6qNtLjGb7siruPYVbR_UHD_g
2014-07-10 11:59:55,677 - genlogger - DEBUG - menu - 74 - access:ORo1QJ0tnA1SyPJ4-4U4Na2N-70zQ3a1CDDuCEDAK-OeTR3hDYHwStEdN1Awi55cr6iHCqaEOST-znYJ3pGZcw
2014-07-10 12:00:49,476 - genlogger - DEBUG - menu - 74 - access:RJUP1_Q3nhO6asvnlU0yrdEVFnWTIdW2BaRWO-ev0qqJT4MKiUctCGkeZOQdCvhh3-Gz7srgGylZRlmhAy05rQ
2014-07-10 12:01:09,128 - genlogger - DEBUG - menu - 74 - access:VPEqzZ7cs0netiVx4yW8tqgDHwDTagFgzdftdxrmTSX4DBj0PMognyghTNki8DxN1s-pMne1xo7EIf0TfMVhxQ
2014-07-10 12:01:36,411 - genlogger - DEBUG - menu - 74 - access:fMmQh0PoxVQqRLqipOdXsU2j-q0UxJjftWDcpYDL4sln9OEN971NRU8ME9d7LDtRDMB7eDRE71OL9uQK-FutIA
2014-07-10 12:01:58,500 - genlogger - DEBUG - menu - 75 - access:Ap6-LT9J0vO-WzDP-QlxbhJEEhBSsYGYbA29rhPGnWNZvm4Ivm5DeuUH77995Pv1dUwmbN0_TBlGclZDvC_KcQ
2014-07-10 12:02:49,206 - genlogger - DEBUG - menu - 76 - access:TIWYu3vXSO8MPAv603srkU8AgLh67WSRfcdueBlXeqyoQZsxHArsVr7ZRChG6zDYBxD3fUR8d4rciTEgqmr6xg
2014-07-10 12:03:13,869 - genlogger - DEBUG - menu - 76 - access:GXcRQXfxQg6Lq9vqOwijarZ9jncqg7084vzrp50XM1FQVxtTIvTHMwor5lrh4-5Z-0fQLcElF9_R7WDB5T6RIQ
2014-07-10 12:05:01,894 - genlogger - DEBUG - menu - 77 - access:yuWW7VN3AK2b_qg9hL2qFodzdHr-Gjg6LwNYUTxfGGJaBnMVS0yj_zdvW64FQ1o2D3fgrR7kxRLvEgri2AYRrQ
2014-07-10 12:05:42,144 - genlogger - DEBUG - menu - 78 - access:JGT03QrLJrBfEWG7SN3hgX2jAsYyZRFEiR4n-OK4SgCTtvyC7FVLbIiHF04tXqRF_yxoME62KVuqQaxY5Yq5oA
2014-07-10 12:05:53,095 - genlogger - DEBUG - menu - 78 - access:sUaY39ujd7g08evn2JOWWLQ9GODvk8LCly0Hy_TU28fvXgNqOtQkwv58naPTy20HPejeI-gPK43VZxtbsIzk2g
2014-07-10 12:06:29,507 - genlogger - DEBUG - menu - 78 - access:gRYBdm5V8PKLOSsY1QSoU-deGMSBfPYmZYts1Cu0fLM3OJP-_dEGeCdnHtdEc1cIO6zltRzpvmKJDwKT5fbsbQ
2014-07-10 13:58:05,075 - genlogger - DEBUG - menu - 85 - access:68pO8PU7WREQtpza6pFcDSbhhUl0KrHyyjx2TrNWZ-FM4Xlf25pxYbsPbT6bOY0D6l6J5oobxa8LUNqLqO2P_A
2014-07-10 14:38:24,499 - genlogger - DEBUG - menu - 85 - access:RJUP1_Q3nhO6asvnlU0yreggpQQ0fwzGTnmtqJc6DqW5AQlXBFIGleCyFiz6TBGRCb5QvmkXBCEidw6r6tG38A
2014-07-10 15:07:16,119 - genlogger - DEBUG - menu - 123 - access:ORo1QJ0tnA1SyPJ4-4U4NVQrmNWh5OCwM7q2nvnnWNXADamsw-4jrBOQBBITQFELnvwjNNmULPGhA-ItJXv7-w
2014-07-10 15:07:16,453 - genlogger - ERROR - menu - 110 - Creating menu failed detected from {u'errcode': 40033, u'errmsg': u'invalid charset. please check your request, if include \\uxxxx will create fail!'}
2014-07-10 15:07:47,990 - genlogger - DEBUG - menu - 123 - access:CfknBPJTKlm0YNkoNrRlbRd2CLeRqKE_M-8w9CB2mGi__0SQFdQuF-4NYv0HCNKi_Bc71fiST45CeWsB_g9t3Q
2014-07-10 15:07:48,303 - genlogger - ERROR - menu - 110 - Creating menu failed detected from {u'errcode': 40033, u'errmsg': u'invalid charset. please check your request, if include \\uxxxx will create fail!'}
2014-07-10 16:03:24,127 - genlogger - DEBUG - menu - 124 - access:_5laH6So0SjSQLMxfo9Ks--RrivL4B3KVh4G0sp0PpPs3X4xLaFAe00c7ZgD470TZyhvBfJonMU_Tc6O2RCeQQ
2014-07-10 16:03:24,493 - genlogger - ERROR - menu - 111 - Creating menu failed detected from {u'errcode': 40033, u'errmsg': u'invalid charset. please check your request, if include \\uxxxx will create fail!'}
2014-07-10 16:05:57,217 - genlogger - DEBUG - menu - 124 - access:RWuztughDY6QyTL49To4_S0wZdow2uqxGycpdZbL4G5aWA81FOmtvXUU3QiL1XOjgiUl5drqk7x5LHoakpl9Ow
2014-07-10 16:05:57,563 - genlogger - ERROR - menu - 111 - Creating menu failed detected from {u'errcode': 40033, u'errmsg': u'invalid charset. please check your request, if include \\uxxxx will create fail!'}
2014-07-10 16:08:51,180 - genlogger - DEBUG - menu - 124 - access:vUaZOyceabImUc9tvVYvtoebEtof7VqMvQpUb3kWydaoZbfXKaO4bsdivXRNAhyYc7na0_KekqqscmcvyHaaHg
2014-07-10 16:09:58,790 - genlogger - DEBUG - menu - 124 - access:45oI2XG0NL6low6qsLj5zzBc_CxOMpoyak-C_8wyKVu-P3E-25pieRu7a-k7V7xbcGbQifth7qfdcnoZpdntlw
2014-07-10 16:11:20,789 - genlogger - DEBUG - menu - 124 - access:bOqfWBOO-JeVrmYKlHqRk5vG1iYXLJdvmukpH8c0vm0NaQ6XmYCDudYf5gVzxnLKG8ZOIAF1N2Tvm2MXEslCUQ
2014-07-10 16:16:51,145 - genlogger - DEBUG - menu - 124 - access:Qa6dfnZo6b_-hCgpI61-mhCPVBYq0OeGhyRsaXfs4ZHCHWoZM7vc4F00iFLF2FtOOJV6Ob-kOZJi4kakWvgegA
2014-07-10 19:04:42,448 - genlogger - DEBUG - menu - 124 - access:X3k9CnAbxtV9CPMHBu_iRYnzH-r1tJG8Cjrik3By46xk4HG_a-erbNgsNO-Q_qBWRWbPJdiwOCjBHtqb0V5zjw
